<?xml version="1.0" encoding="UTF-8"?>
<typeSystemDescription xmlns="http://uima.apache.org/resourceSpecifier">
    <types>
        <typeDescription>
            <name>uima.tcas.DocumentAnnotation</name>
            <description/>
            <supertypeName>uima.tcas.Annotation</supertypeName>
            <features>
                <featureDescription>
                    <name>language</name>
                    <description/>
                    <rangeTypeName>uima.cas.String</rangeTypeName>
                </featureDescription>
                <featureDescription>
                    <name>languageCandidates</name>
                    <description/>
                    <rangeTypeName>uima.cas.FSList</rangeTypeName>
                </featureDescription>
            </features>
        </typeDescription>
        <typeDescription>
            <name>com.ibm.Address</name>
            <description/>
            <supertypeName>uima.tcas.Annotation</supertypeName>
            <features>
                <featureDescription>
                    <name>ruleId</name>
                    <description/>
                    <rangeTypeName>uima.cas.String</rangeTypeName>
                </featureDescription>
            </features>
        </typeDescription>
        <typeDescription>
            <name>com.ibm.AddressPart</name>
            <description/>
            <supertypeName>uima.tcas.Annotation</supertypeName>
            <features>
                <featureDescription>
                    <name>ruleId</name>
                    <description/>
                    <rangeTypeName>uima.cas.String</rangeTypeName>
                </featureDescription>
            </features>
        </typeDescription>
        <typeDescription>
            <name>com.ibm.Alias</name>
            <description/>
            <supertypeName>uima.tcas.Annotation</supertypeName>
            <features>
                <featureDescription>
                    <name>ruleId</name>
                    <description/>
                    <rangeTypeName>uima.cas.String</rangeTypeName>
                </featureDescription>
            </features>
        </typeDescription>
        <typeDescription>
            <name>com.ibm.CRF</name>
            <description/>
            <supertypeName>uima.tcas.Annotation</supertypeName>
            <features>
                <featureDescription>
                    <name>Taglist</name>
                    <description/>
                    <rangeTypeName>uima.cas.StringArray</rangeTypeName>
                </featureDescription>
                <featureDescription>
                    <name>Tagname</name>
                    <description/>
                    <rangeTypeName>uima.cas.String</rangeTypeName>
                </featureDescription>
            </features>
        </typeDescription>
        <typeDescription>
            <name>com.ibm.Carplate</name>
            <description/>
            <supertypeName>uima.tcas.Annotation</supertypeName>
            <features>
                <featureDescription>
                    <name>ruleId</name>
                    <description/>
                    <rangeTypeName>uima.cas.String</rangeTypeName>
                </featureDescription>
            </features>
        </typeDescription>
        <typeDescription>
            <name>com.ibm.Carstate</name>
            <description/>
            <supertypeName>uima.tcas.Annotation</supertypeName>
            <features>
                <featureDescription>
                    <name>ruleId</name>
                    <description/>
                    <rangeTypeName>uima.cas.String</rangeTypeName>
                </featureDescription>
            </features>
        </typeDescription>
        <typeDescription>
            <name>com.ibm.DOB</name>
            <description/>
            <supertypeName>uima.tcas.Annotation</supertypeName>
            <features>
                <featureDescription>
                    <name>ruleId</name>
                    <description/>
                    <rangeTypeName>uima.cas.String</rangeTypeName>
                </featureDescription>
            </features>
        </typeDescription>
        <typeDescription>
            <name>com.ibm.Department</name>
            <description/>
            <supertypeName>uima.tcas.Annotation</supertypeName>
            <features>
                <featureDescription>
                    <name>ruleId</name>
                    <description/>
                    <rangeTypeName>uima.cas.String</rangeTypeName>
                </featureDescription>
            </features>
        </typeDescription>
        <typeDescription>
            <name>com.ibm.Firstname</name>
            <description/>
            <supertypeName>uima.tcas.Annotation</supertypeName>
            <features>
                <featureDescription>
                    <name>ruleId</name>
                    <description/>
                    <rangeTypeName>uima.cas.String</rangeTypeName>
                </featureDescription>
            </features>
        </typeDescription>
        <typeDescription>
            <name>com.ibm.List</name>
            <description/>
            <supertypeName>uima.tcas.Annotation</supertypeName>
            <features>
                <featureDescription>
                    <name>ruleId</name>
                    <description/>
                    <rangeTypeName>uima.cas.String</rangeTypeName>
                </featureDescription>
            </features>
        </typeDescription>
        <typeDescription>
            <name>com.ibm.MyDate</name>
            <description/>
            <supertypeName>uima.tcas.Annotation</supertypeName>
            <features>
                <featureDescription>
                    <name>ruleId</name>
                    <description/>
                    <rangeTypeName>uima.cas.String</rangeTypeName>
                </featureDescription>
            </features>
        </typeDescription>
        <typeDescription>
            <name>com.ibm.Person</name>
            <description/>
            <supertypeName>uima.tcas.Annotation</supertypeName>
            <features>
                <featureDescription>
                    <name>normalFormName</name>
                    <description/>
                    <rangeTypeName>uima.cas.FSArray</rangeTypeName>
                </featureDescription>
                <featureDescription>
                    <name>ruleId</name>
                    <description/>
                    <rangeTypeName>uima.cas.String</rangeTypeName>
                </featureDescription>
            </features>
        </typeDescription>
        <typeDescription>
            <name>com.ibm.PossiblePostcode</name>
            <description/>
            <supertypeName>uima.tcas.Annotation</supertypeName>
            <features>
                <featureDescription>
                    <name>ruleId</name>
                    <description/>
                    <rangeTypeName>uima.cas.String</rangeTypeName>
                </featureDescription>
            </features>
        </typeDescription>
        <typeDescription>
            <name>com.ibm.PossibleYear</name>
            <description/>
            <supertypeName>uima.tcas.Annotation</supertypeName>
            <features>
                <featureDescription>
                    <name>ruleId</name>
                    <description/>
                    <rangeTypeName>uima.cas.String</rangeTypeName>
                </featureDescription>
            </features>
        </typeDescription>
        <typeDescription>
            <name>com.ibm.Postcode</name>
            <description/>
            <supertypeName>uima.tcas.Annotation</supertypeName>
            <features>
                <featureDescription>
                    <name>ruleId</name>
                    <description/>
                    <rangeTypeName>uima.cas.String</rangeTypeName>
                </featureDescription>
            </features>
        </typeDescription>
        <typeDescription>
            <name>com.ibm.State</name>
            <description/>
            <supertypeName>uima.tcas.Annotation</supertypeName>
            <features>
                <featureDescription>
                    <name>ruleId</name>
                    <description/>
                    <rangeTypeName>uima.cas.String</rangeTypeName>
                </featureDescription>
            </features>
        </typeDescription>
        <typeDescription>
            <name>com.ibm.Surname</name>
            <description/>
            <supertypeName>uima.tcas.Annotation</supertypeName>
            <features>
                <featureDescription>
                    <name>ruleId</name>
                    <description/>
                    <rangeTypeName>uima.cas.String</rangeTypeName>
                </featureDescription>
            </features>
        </typeDescription>
        <typeDescription>
            <name>com.ibm.Suspect</name>
            <description/>
            <supertypeName>uima.tcas.Annotation</supertypeName>
            <features>
                <featureDescription>
                    <name>normalFormName</name>
                    <description/>
                    <rangeTypeName>uima.cas.FSArray</rangeTypeName>
                </featureDescription>
                <featureDescription>
                    <name>ruleId</name>
                    <description/>
                    <rangeTypeName>uima.cas.String</rangeTypeName>
                </featureDescription>
            </features>
        </typeDescription>
        <typeDescription>
            <name>com.ibm.SuspectDetails</name>
            <description/>
            <supertypeName>uima.tcas.Annotation</supertypeName>
            <features>
                <featureDescription>
                    <name>name</name>
                    <description/>
                    <rangeTypeName>uima.cas.FSArray</rangeTypeName>
                </featureDescription>
                <featureDescription>
                    <name>alias</name>
                    <description/>
                    <rangeTypeName>uima.cas.FSArray</rangeTypeName>
                </featureDescription>
                <featureDescription>
                    <name>dob</name>
                    <description/>
                    <rangeTypeName>uima.cas.FSArray</rangeTypeName>
                </featureDescription>
                <featureDescription>
                    <name>ruleId</name>
                    <description/>
                    <rangeTypeName>uima.cas.String</rangeTypeName>
                </featureDescription>
            </features>
        </typeDescription>
        <typeDescription>
            <name>com.ibm.en.Address</name>
            <description/>
            <supertypeName>com.ibm.Address</supertypeName>
        </typeDescription>
        <typeDescription>
            <name>com.ibm.en.AddressPart</name>
            <description/>
            <supertypeName>com.ibm.AddressPart</supertypeName>
        </typeDescription>
        <typeDescription>
            <name>com.ibm.en.Alias</name>
            <description/>
            <supertypeName>com.ibm.Alias</supertypeName>
        </typeDescription>
        <typeDescription>
            <name>com.ibm.en.Carplate</name>
            <description/>
            <supertypeName>com.ibm.Carplate</supertypeName>
        </typeDescription>
        <typeDescription>
            <name>com.ibm.en.Carstate</name>
            <description/>
            <supertypeName>com.ibm.Carstate</supertypeName>
        </typeDescription>
        <typeDescription>
            <name>com.ibm.en.DOB</name>
            <description/>
            <supertypeName>com.ibm.DOB</supertypeName>
        </typeDescription>
        <typeDescription>
            <name>com.ibm.en.Department</name>
            <description/>
            <supertypeName>com.ibm.Department</supertypeName>
        </typeDescription>
        <typeDescription>
            <name>com.ibm.en.Firstname</name>
            <description/>
            <supertypeName>com.ibm.Firstname</supertypeName>
        </typeDescription>
        <typeDescription>
            <name>com.ibm.en.List</name>
            <description/>
            <supertypeName>com.ibm.List</supertypeName>
        </typeDescription>
        <typeDescription>
            <name>com.ibm.en.MyDate</name>
            <description/>
            <supertypeName>com.ibm.MyDate</supertypeName>
        </typeDescription>
        <typeDescription>
            <name>com.ibm.en.Person</name>
            <description/>
            <supertypeName>com.ibm.Person</supertypeName>
        </typeDescription>
        <typeDescription>
            <name>com.ibm.en.PossiblePostcode</name>
            <description/>
            <supertypeName>com.ibm.PossiblePostcode</supertypeName>
        </typeDescription>
        <typeDescription>
            <name>com.ibm.en.PossibleYear</name>
            <description/>
            <supertypeName>com.ibm.PossibleYear</supertypeName>
        </typeDescription>
        <typeDescription>
            <name>com.ibm.en.Postcode</name>
            <description/>
            <supertypeName>com.ibm.Postcode</supertypeName>
        </typeDescription>
        <typeDescription>
            <name>com.ibm.en.State</name>
            <description/>
            <supertypeName>com.ibm.State</supertypeName>
        </typeDescription>
        <typeDescription>
            <name>com.ibm.en.Surname</name>
            <description/>
            <supertypeName>com.ibm.Surname</supertypeName>
        </typeDescription>
        <typeDescription>
            <name>com.ibm.en.Suspect</name>
            <description/>
            <supertypeName>com.ibm.Suspect</supertypeName>
        </typeDescription>
        <typeDescription>
            <name>com.ibm.en.SuspectDetails</name>
            <description/>
            <supertypeName>com.ibm.SuspectDetails</supertypeName>
        </typeDescription>
        <typeDescription>
            <name>com.ibm.es.nlp.SemanticRoleAnnotation</name>
            <description/>
            <supertypeName>uima.tcas.Annotation</supertypeName>
        </typeDescription>
        <typeDescription>
            <name>com.ibm.es.nlp.pas.Argument</name>
            <description/>
            <supertypeName>com.ibm.es.nlp.SemanticRoleAnnotation</supertypeName>
            <features>
                <featureDescription>
                    <name>token</name>
                    <description/>
                    <rangeTypeName>uima.tt.TokenLikeAnnotation</rangeTypeName>
                </featureDescription>
                <featureDescription>
                    <name>lex</name>
                    <description/>
                    <rangeTypeName>uima.cas.String</rangeTypeName>
                </featureDescription>
                <featureDescription>
                    <name>case</name>
                    <description/>
                    <rangeTypeName>uima.cas.String</rangeTypeName>
                </featureDescription>
                <featureDescription>
                    <name>ftrs</name>
                    <description/>
                    <rangeTypeName>uima.cas.StringArray</rangeTypeName>
                </featureDescription>
            </features>
        </typeDescription>
        <typeDescription>
            <name>com.ibm.es.nlp.pas.Auxiliary</name>
            <description/>
            <supertypeName>com.ibm.es.nlp.SemanticRoleAnnotation</supertypeName>
            <features>
                <featureDescription>
                    <name>token</name>
                    <description/>
                    <rangeTypeName>uima.tt.TokenLikeAnnotation</rangeTypeName>
                </featureDescription>
                <featureDescription>
                    <name>role</name>
                    <description/>
                    <rangeTypeName>uima.cas.String</rangeTypeName>
                </featureDescription>
            </features>
        </typeDescription>
        <typeDescription>
            <name>com.ibm.es.nlp.pas.PAS</name>
            <description/>
            <supertypeName>com.ibm.es.nlp.SemanticRoleAnnotation</supertypeName>
            <features>
                <featureDescription>
                    <name>pred</name>
                    <description/>
                    <rangeTypeName>com.ibm.es.nlp.pas.Predicate</rangeTypeName>
                </featureDescription>
                <featureDescription>
                    <name>args</name>
                    <description/>
                    <rangeTypeName>uima.cas.FSArray</rangeTypeName>
                    <elementType>com.ibm.es.nlp.pas.Argument</elementType>
                    <multipleReferencesAllowed>true</multipleReferencesAllowed>
                </featureDescription>
                <featureDescription>
                    <name>auxs</name>
                    <description/>
                    <rangeTypeName>uima.cas.FSArray</rangeTypeName>
                    <elementType>com.ibm.es.nlp.pas.Auxiliary</elementType>
                </featureDescription>
            </features>
        </typeDescription>
        <typeDescription>
            <name>com.ibm.es.nlp.pas.Predicate</name>
            <description/>
            <supertypeName>com.ibm.es.nlp.SemanticRoleAnnotation</supertypeName>
            <features>
                <featureDescription>
                    <name>token</name>
                    <description/>
                    <rangeTypeName>uima.tt.TokenLikeAnnotation</rangeTypeName>
                </featureDescription>
                <featureDescription>
                    <name>lex</name>
                    <description/>
                    <rangeTypeName>uima.cas.String</rangeTypeName>
                </featureDescription>
                <featureDescription>
                    <name>expression</name>
                    <description/>
                    <rangeTypeName>uima.cas.String</rangeTypeName>
                </featureDescription>
            </features>
        </typeDescription>
        <typeDescription>
            <name>com.ibm.es.nlp.pas.SubordinatePAS</name>
            <description/>
            <supertypeName>com.ibm.es.nlp.pas.PAS</supertypeName>
        </typeDescription>
        <typeDescription>
            <name>com.ibm.langware.reserved.NonMappingAnnotation</name>
            <description/>
            <supertypeName>uima.tcas.Annotation</supertypeName>
        </typeDescription>
        <typeDescription>
            <name>com.ibm.lw.marker.Markeren_US_AddressesOutputType</name>
            <description/>
            <supertypeName>uima.cas.TOP</supertypeName>
        </typeDescription>
        <typeDescription>
            <name>com.ibm.lw.marker.Markeren_XX_DatesOutputType</name>
            <description/>
            <supertypeName>uima.cas.TOP</supertypeName>
        </typeDescription>
        <typeDescription>
            <name>com.ibm.lw.marker.Markeren_XX_PoliceReportsOutputType</name>
            <description/>
            <supertypeName>uima.cas.TOP</supertypeName>
        </typeDescription>
        <typeDescription>
            <name>com.ibm.lw.marker.MarkerlicenceplatesOutputType</name>
            <description/>
            <supertypeName>uima.cas.TOP</supertypeName>
        </typeDescription>
        <typeDescription>
            <name>com.ibm.lw.marker.en.Markeren_US_AddressesOutputType</name>
            <description/>
            <supertypeName>com.ibm.lw.marker.Markeren_US_AddressesOutputType</supertypeName>
        </typeDescription>
        <typeDescription>
            <name>com.ibm.lw.marker.en.Markeren_XX_DatesOutputType</name>
            <description/>
            <supertypeName>com.ibm.lw.marker.Markeren_XX_DatesOutputType</supertypeName>
        </typeDescription>
        <typeDescription>
            <name>com.ibm.lw.marker.en.Markeren_XX_PoliceReportsOutputType</name>
            <description/>
            <supertypeName>com.ibm.lw.marker.Markeren_XX_PoliceReportsOutputType</supertypeName>
        </typeDescription>
        <typeDescription>
            <name>com.ibm.lw.marker.en.MarkerlicenceplatesOutputType</name>
            <description/>
            <supertypeName>com.ibm.lw.marker.MarkerlicenceplatesOutputType</supertypeName>
        </typeDescription>
        <typeDescription>
            <name>uima.tt.KeyStringEntry</name>
            <description/>
            <supertypeName>uima.cas.TOP</supertypeName>
            <features>
                <featureDescription>
                    <name>key</name>
                    <description/>
                    <rangeTypeName>uima.cas.String</rangeTypeName>
                </featureDescription>
            </features>
        </typeDescription>
        <typeDescription>
            <name>uima.tt.LanguageConfidencePair</name>
            <description/>
            <supertypeName>uima.cas.TOP</supertypeName>
            <features>
                <featureDescription>
                    <name>languageConfidence</name>
                    <description/>
                    <rangeTypeName>uima.cas.Float</rangeTypeName>
                </featureDescription>
                <featureDescription>
                    <name>language</name>
                    <description/>
                    <rangeTypeName>uima.cas.String</rangeTypeName>
                </featureDescription>
            </features>
        </typeDescription>
        <typeDescription>
            <name>uima.tt.Lemma</name>
            <description/>
            <supertypeName>uima.tt.KeyStringEntry</supertypeName>
            <features>
                <featureDescription>
                    <name>partOfSpeech</name>
                    <description/>
                    <rangeTypeName>uima.cas.Integer</rangeTypeName>
                </featureDescription>
                <featureDescription>
                    <name>frost_ExtendedPOS</name>
                    <description/>
                    <rangeTypeName>uima.cas.Integer</rangeTypeName>
                </featureDescription>
            </features>
        </typeDescription>
        <typeDescription>
            <name>uima.tt.TTAnnotation</name>
            <description/>
            <supertypeName>uima.tcas.Annotation</supertypeName>
        </typeDescription>
        <typeDescription>
            <name>uima.tt.DocStructureAnnotation</name>
            <description/>
            <supertypeName>uima.tt.TTAnnotation</supertypeName>
        </typeDescription>
        <typeDescription>
            <name>uima.tt.LexicalAnnotation</name>
            <description/>
            <supertypeName>uima.tt.TTAnnotation</supertypeName>
        </typeDescription>
        <typeDescription>
            <name>uima.tt.ParagraphAnnotation</name>
            <description/>
            <supertypeName>uima.tt.DocStructureAnnotation</supertypeName>
            <features>
                <featureDescription>
                    <name>paragraphNumber</name>
                    <description/>
                    <rangeTypeName>uima.cas.Integer</rangeTypeName>
                </featureDescription>
            </features>
        </typeDescription>
        <typeDescription>
            <name>uima.tt.SentenceAnnotation</name>
            <description/>
            <supertypeName>uima.tt.DocStructureAnnotation</supertypeName>
            <features>
                <featureDescription>
                    <name>sentenceNumber</name>
                    <description/>
                    <rangeTypeName>uima.cas.Integer</rangeTypeName>
                </featureDescription>
            </features>
        </typeDescription>
        <typeDescription>
            <name>uima.tt.TokenLikeAnnotation</name>
            <description/>
            <supertypeName>uima.tt.LexicalAnnotation</supertypeName>
            <features>
                <featureDescription>
                    <name>lemma</name>
                    <description/>
                    <rangeTypeName>uima.tt.Lemma</rangeTypeName>
                </featureDescription>
                <featureDescription>
                    <name>lemmaEntries</name>
                    <description/>
                    <rangeTypeName>uima.cas.FSArray</rangeTypeName>
                </featureDescription>
                <featureDescription>
                    <name>dictionaryMatch</name>
                    <description/>
                    <rangeTypeName>uima.cas.Boolean</rangeTypeName>
                </featureDescription>
            </features>
        </typeDescription>
        <typeDescription>
            <name>uima.tt.CompPartAnnotation</name>
            <description/>
            <supertypeName>uima.tt.TokenLikeAnnotation</supertypeName>
        </typeDescription>
        <typeDescription>
            <name>uima.tt.DictionaryEntryAnnotation</name>
            <description/>
            <supertypeName>uima.tt.LexicalAnnotation</supertypeName>
            <features>
                <featureDescription>
                    <name>lemma</name>
                    <description/>
                    <rangeTypeName>uima.tt.Lemma</rangeTypeName>
                </featureDescription>
            </features>
        </typeDescription>
        <typeDescription>
            <name>uima.tt.TokenAnnotation</name>
            <description/>
            <supertypeName>uima.tt.TokenLikeAnnotation</supertypeName>
            <features>
                <featureDescription>
                    <name>posTag</name>
                    <description/>
                    <rangeTypeName>uima.cas.String</rangeTypeName>
                </featureDescription>
                <featureDescription>
                    <name>takmiPOS</name>
                    <description/>
                    <rangeTypeName>uima.cas.String</rangeTypeName>
                </featureDescription>
                <featureDescription>
                    <name>ftrs</name>
                    <description/>
                    <rangeTypeName>uima.cas.StringArray</rangeTypeName>
                </featureDescription>
                <featureDescription>
                    <name>syntacticTag</name>
                    <description/>
                    <rangeTypeName>uima.cas.String</rangeTypeName>
                </featureDescription>
                <featureDescription>
                    <name>parent</name>
                    <description/>
                    <rangeTypeName>uima.tcas.Annotation</rangeTypeName>
                </featureDescription>
                <featureDescription>
                    <name>children</name>
                    <description/>
                    <rangeTypeName>uima.cas.FSArray</rangeTypeName>
                    <elementType>uima.tcas.Annotation</elementType>
                </featureDescription>
            </features>
        </typeDescription>
        <typeDescription>
            <name>com.ibm.DictAcronym</name>
            <description/>
            <supertypeName>uima.tt.DictionaryEntryAnnotation</supertypeName>
        </typeDescription>
        <typeDescription>
            <name>com.ibm.DictAliasTrigger</name>
            <description/>
            <supertypeName>uima.tt.DictionaryEntryAnnotation</supertypeName>
        </typeDescription>
        <typeDescription>
            <name>com.ibm.DictCarBrand</name>
            <description/>
            <supertypeName>uima.tt.DictionaryEntryAnnotation</supertypeName>
        </typeDescription>
        <typeDescription>
            <name>com.ibm.DictDOBTrigger</name>
            <description/>
            <supertypeName>uima.tt.DictionaryEntryAnnotation</supertypeName>
        </typeDescription>
        <typeDescription>
            <name>com.ibm.DictDay</name>
            <description/>
            <supertypeName>uima.tt.DictionaryEntryAnnotation</supertypeName>
        </typeDescription>
        <typeDescription>
            <name>com.ibm.DictDepartment</name>
            <description/>
            <supertypeName>uima.tt.DictionaryEntryAnnotation</supertypeName>
        </typeDescription>
        <typeDescription>
            <name>com.ibm.DictFirstName</name>
            <description/>
            <supertypeName>uima.tt.DictionaryEntryAnnotation</supertypeName>
        </typeDescription>
        <typeDescription>
            <name>com.ibm.DictLocation</name>
            <description/>
            <supertypeName>uima.tt.DictionaryEntryAnnotation</supertypeName>
        </typeDescription>
        <typeDescription>
            <name>com.ibm.DictLocationPostTrigger</name>
            <description/>
            <supertypeName>uima.tt.DictionaryEntryAnnotation</supertypeName>
        </typeDescription>
        <typeDescription>
            <name>com.ibm.DictLocationPreTrigger</name>
            <description/>
            <supertypeName>uima.tt.DictionaryEntryAnnotation</supertypeName>
        </typeDescription>
        <typeDescription>
            <name>com.ibm.DictMonth</name>
            <description/>
            <supertypeName>uima.tt.DictionaryEntryAnnotation</supertypeName>
        </typeDescription>
        <typeDescription>
            <name>com.ibm.DictOffenceName</name>
            <description/>
            <supertypeName>uima.tt.DictionaryEntryAnnotation</supertypeName>
        </typeDescription>
        <typeDescription>
            <name>com.ibm.DictOrdinal</name>
            <description/>
            <supertypeName>uima.tt.DictionaryEntryAnnotation</supertypeName>
        </typeDescription>
        <typeDescription>
            <name>com.ibm.DictPersonProfile</name>
            <description/>
            <supertypeName>uima.tt.DictionaryEntryAnnotation</supertypeName>
        </typeDescription>
        <typeDescription>
            <name>com.ibm.DictPersonTrigger</name>
            <description/>
            <supertypeName>uima.tt.DictionaryEntryAnnotation</supertypeName>
        </typeDescription>
        <typeDescription>
            <name>com.ibm.DictTitle</name>
            <description/>
            <supertypeName>uima.tt.DictionaryEntryAnnotation</supertypeName>
        </typeDescription>
        <typeDescription>
            <name>com.ibm.DictUSStateAbbreviation</name>
            <description/>
            <supertypeName>uima.tt.DictionaryEntryAnnotation</supertypeName>
            <features>
                <featureDescription>
                    <name>state_Name</name>
                    <description/>
                    <rangeTypeName>uima.cas.String</rangeTypeName>
                </featureDescription>
            </features>
        </typeDescription>
        <typeDescription>
            <name>com.ibm.langware.uimatypes.Punctuation</name>
            <description/>
            <supertypeName>uima.tt.TokenAnnotation</supertypeName>
        </typeDescription>
        <typeDescription>
            <name>com.ibm.langware.uimatypes.WordLikeToken</name>
            <description/>
            <supertypeName>uima.tt.TokenAnnotation</supertypeName>
        </typeDescription>
        <typeDescription>
            <name>com.ibm.langware.uimatypes.Alphabetic</name>
            <description/>
            <supertypeName>com.ibm.langware.uimatypes.WordLikeToken</supertypeName>
        </typeDescription>
        <typeDescription>
            <name>com.ibm.langware.uimatypes.Arabic</name>
            <description/>
            <supertypeName>com.ibm.langware.uimatypes.Alphabetic</supertypeName>
        </typeDescription>
        <typeDescription>
            <name>com.ibm.langware.uimatypes.ClauseEndingPunctuation</name>
            <description/>
            <supertypeName>com.ibm.langware.uimatypes.Punctuation</supertypeName>
        </typeDescription>
        <typeDescription>
            <name>com.ibm.langware.uimatypes.Hebrew</name>
            <description/>
            <supertypeName>com.ibm.langware.uimatypes.Alphabetic</supertypeName>
        </typeDescription>
        <typeDescription>
            <name>com.ibm.langware.uimatypes.Ideographic</name>
            <description/>
            <supertypeName>com.ibm.langware.uimatypes.WordLikeToken</supertypeName>
        </typeDescription>
        <typeDescription>
            <name>com.ibm.langware.uimatypes.LowercaseAlphabetic</name>
            <description/>
            <supertypeName>com.ibm.langware.uimatypes.Alphabetic</supertypeName>
        </typeDescription>
        <typeDescription>
            <name>com.ibm.langware.uimatypes.Numeric</name>
            <description/>
            <supertypeName>com.ibm.langware.uimatypes.WordLikeToken</supertypeName>
        </typeDescription>
        <typeDescription>
            <name>com.ibm.langware.uimatypes.Syllabic</name>
            <description/>
            <supertypeName>com.ibm.langware.uimatypes.WordLikeToken</supertypeName>
        </typeDescription>
        <typeDescription>
            <name>com.ibm.langware.uimatypes.Thai</name>
            <description/>
            <supertypeName>com.ibm.langware.uimatypes.Syllabic</supertypeName>
        </typeDescription>
        <typeDescription>
            <name>com.ibm.langware.uimatypes.TitlecaseAlphabetic</name>
            <description/>
            <supertypeName>com.ibm.langware.uimatypes.Alphabetic</supertypeName>
        </typeDescription>
        <typeDescription>
            <name>com.ibm.langware.uimatypes.UppercaseAlphabetic</name>
            <description/>
            <supertypeName>com.ibm.langware.uimatypes.Alphabetic</supertypeName>
        </typeDescription>
        <typeDescription>
            <name>com.ibm.langware.uimatypes.ChineseNumeral</name>
            <description/>
            <supertypeName>com.ibm.langware.uimatypes.Numeric</supertypeName>
        </typeDescription>
        <typeDescription>
            <name>com.ibm.langware.uimatypes.Han</name>
            <description/>
            <supertypeName>com.ibm.langware.uimatypes.Ideographic</supertypeName>
        </typeDescription>
        <typeDescription>
            <name>com.ibm.langware.uimatypes.Hangul</name>
            <description/>
            <supertypeName>com.ibm.langware.uimatypes.Syllabic</supertypeName>
        </typeDescription>
        <typeDescription>
            <name>com.ibm.langware.uimatypes.Hiragana</name>
            <description/>
            <supertypeName>com.ibm.langware.uimatypes.Syllabic</supertypeName>
        </typeDescription>
        <typeDescription>
            <name>com.ibm.langware.uimatypes.Katakana</name>
            <description/>
            <supertypeName>com.ibm.langware.uimatypes.Syllabic</supertypeName>
        </typeDescription>
    </types>
</typeSystemDescription>